<?xml version="1.0" encoding="UTF-8"?>
<testsuite xmlns:xsi="http://www.w3.org/2001/XMLSchema-instance" xsi:noNamespaceSchemaLocation="https://maven.apache.org/surefire/maven-surefire-plugin/xsd/surefire-test-report-3.0.xsd" version="3.0" name="org.apache.commons.lang3.reflect.FieldUtilsTest" time="0.058" tests="44" errors="0" skipped="0" failures="0">
  <properties>
[...]
</properties>
  <testcase name="testReadStaticFieldForceAccess" classname="org.apache.commons.lang3.reflect.FieldUtilsTest" time="0.007"/>
  <testcase name="testGetAllFieldsList" classname="org.apache.commons.lang3.reflect.FieldUtilsTest" time="0.0"/>
  <testcase name="testReadDeclaredNamedField" classname="org.apache.commons.lang3.reflect.FieldUtilsTest" time="0.002"/>
  <testcase name="testReadNamedStaticField" classname="org.apache.commons.lang3.reflect.FieldUtilsTest" time="0.002"/>
  <testcase name="testReadDeclaredNamedStaticFieldForceAccess" classname="org.apache.commons.lang3.reflect.FieldUtilsTest" time="0.0"/>
  <testcase name="testReadDeclaredNamedFieldForceAccess" classname="org.apache.commons.lang3.reflect.FieldUtilsTest" time="0.001"/>
  <testcase name="testGetField" classname="org.apache.commons.lang3.reflect.FieldUtilsTest" time="0.001"/>
  <testcase name="testGetFieldIllegalArgumentException1" classname="org.apache.commons.lang3.reflect.FieldUtilsTest" time="0.0"/>
  <testcase name="testGetFieldIllegalArgumentException2" classname="org.apache.commons.lang3.reflect.FieldUtilsTest" time="0.0"/>
  <testcase name="testReadDeclaredNamedStaticField" classname="org.apache.commons.lang3.reflect.FieldUtilsTest" time="0.001"/>
  <testcase name="testWriteField" classname="org.apache.commons.lang3.reflect.FieldUtilsTest" time="0.0"/>
  <testcase name="testWriteNamedStaticFieldForceAccess" classname="org.apache.commons.lang3.reflect.FieldUtilsTest" time="0.002"/>
  <testcase name="testGetDeclaredFieldForceAccessIllegalArgumentException1" classname="org.apache.commons.lang3.reflect.FieldUtilsTest" time="0.0"/>
  <testcase name="testGetDeclaredFieldForceAccessIllegalArgumentException2" classname="org.apache.commons.lang3.reflect.FieldUtilsTest" time="0.0"/>
  <testcase name="testWriteFieldForceAccess" classname="org.apache.commons.lang3.reflect.FieldUtilsTest" time="0.001"/>
  <testcase name="testAmbig" classname="org.apache.commons.lang3.reflect.FieldUtilsTest" time="0.005"/>
  <testcase name="testReadStaticFieldForceAccessIllegalArgumentException1" classname="org.apache.commons.lang3.reflect.FieldUtilsTest" time="0.002"/>
  <testcase name="testReadStaticFieldForceAccessIllegalArgumentException2" classname="org.apache.commons.lang3.reflect.FieldUtilsTest" time="0.021"/>
  <testcase name="testWriteNamedField" classname="org.apache.commons.lang3.reflect.FieldUtilsTest" time="0.001"/>
  <testcase name="testWriteDeclaredNamedFieldForceAccess" classname="org.apache.commons.lang3.reflect.FieldUtilsTest" time="0.001"/>
  <testcase name="testWriteDeclaredNamedStaticField" classname="org.apache.commons.lang3.reflect.FieldUtilsTest" time="0.0"/>
  <testcase name="testReadNamedField" classname="org.apache.commons.lang3.reflect.FieldUtilsTest" time="0.001"/>
  <testcase name="testReadStaticFieldIllegalArgumentException1" classname="org.apache.commons.lang3.reflect.FieldUtilsTest" time="0.0"/>
  <testcase name="testReadStaticFieldIllegalArgumentException2" classname="org.apache.commons.lang3.reflect.FieldUtilsTest" time="0.0"/>
  <testcase name="testGetFieldForceAccess" classname="org.apache.commons.lang3.reflect.FieldUtilsTest" time="0.001"/>
  <testcase name="testReadField" classname="org.apache.commons.lang3.reflect.FieldUtilsTest" time="0.0"/>
  <testcase name="testWriteNamedStaticField" classname="org.apache.commons.lang3.reflect.FieldUtilsTest" time="0.0"/>
  <testcase name="testWriteStaticFieldForceAccess" classname="org.apache.commons.lang3.reflect.FieldUtilsTest" time="0.001"/>
  <testcase name="testWriteStaticField" classname="org.apache.commons.lang3.reflect.FieldUtilsTest" time="0.0"/>
  <testcase name="testGetFieldForceAccessIllegalArgumentException1" classname="org.apache.commons.lang3.reflect.FieldUtilsTest" time="0.0"/>
  <testcase name="testGetFieldForceAccessIllegalArgumentException2" classname="org.apache.commons.lang3.reflect.FieldUtilsTest" time="0.0"/>
  <testcase name="testWriteNamedFieldForceAccess" classname="org.apache.commons.lang3.reflect.FieldUtilsTest" time="0.001"/>
  <testcase name="testReadNamedStaticFieldForceAccess" classname="org.apache.commons.lang3.reflect.FieldUtilsTest" time="0.0"/>
  <testcase name="testGetAllFields" classname="org.apache.commons.lang3.reflect.FieldUtilsTest" time="0.001"/>
  <testcase name="testReadStaticField" classname="org.apache.commons.lang3.reflect.FieldUtilsTest" time="0.0"/>
  <testcase name="testGetDeclaredFieldAccessIllegalArgumentException1" classname="org.apache.commons.lang3.reflect.FieldUtilsTest" time="0.0"/>
  <testcase name="testGetDeclaredFieldAccessIllegalArgumentException2" classname="org.apache.commons.lang3.reflect.FieldUtilsTest" time="0.0"/>
  <testcase name="testWriteDeclaredNamedStaticFieldForceAccess" classname="org.apache.commons.lang3.reflect.FieldUtilsTest" time="0.0"/>
  <testcase name="testWriteDeclaredNamedField" classname="org.apache.commons.lang3.reflect.FieldUtilsTest" time="0.001"/>
  <testcase name="testGetDeclaredField" classname="org.apache.commons.lang3.reflect.FieldUtilsTest" time="0.0"/>
  <testcase name="testGetDeclaredFieldForceAccess" classname="org.apache.commons.lang3.reflect.FieldUtilsTest" time="0.001"/>
  <testcase name="testReadFieldForceAccess" classname="org.apache.commons.lang3.reflect.FieldUtilsTest" time="0.0"/>
  <testcase name="testReadNamedFieldForceAccess" classname="org.apache.commons.lang3.reflect.FieldUtilsTest" time="0.0"/>
  <testcase name="testConstructor" classname="org.apache.commons.lang3.reflect.FieldUtilsTest" time="0.0"/>
</testsuite>