<?xml version="1.0" encoding="UTF-8"?>
<testsuite xmlns:xsi="http://www.w3.org/2001/XMLSchema-instance" xsi:noNamespaceSchemaLocation="https://maven.apache.org/surefire/maven-surefire-plugin/xsd/surefire-test-report-3.0.xsd" version="3.0" name="org.apache.commons.lang3.ArrayUtilsAddTest" time="0.023" tests="13" errors="0" skipped="0" failures="0">
  <properties>
[...]
</properties>
  <testcase name="testJira567" classname="org.apache.commons.lang3.ArrayUtilsAddTest" time="0.0"/>
  <testcase name="testAddObjectArrayInt" classname="org.apache.commons.lang3.ArrayUtilsAddTest" time="0.0"/>
  <testcase name="testLANG571" classname="org.apache.commons.lang3.ArrayUtilsAddTest" time="0.0"/>
  <testcase name="testAddObjectArrayToObjectArray" classname="org.apache.commons.lang3.ArrayUtilsAddTest" time="0.0"/>
  <testcase name="testAddObjectAtIndex" classname="org.apache.commons.lang3.ArrayUtilsAddTest" time="0.011"/>
  <testcase name="testAddObjectArrayFloat" classname="org.apache.commons.lang3.ArrayUtilsAddTest" time="0.0"/>
  <testcase name="testAddObjectArrayShort" classname="org.apache.commons.lang3.ArrayUtilsAddTest" time="0.0"/>
  <testcase name="testAddObjectArrayByte" classname="org.apache.commons.lang3.ArrayUtilsAddTest" time="0.0"/>
  <testcase name="testAddObjectArrayChar" classname="org.apache.commons.lang3.ArrayUtilsAddTest" time="0.0"/>
  <testcase name="testAddObjectArrayLong" classname="org.apache.commons.lang3.ArrayUtilsAddTest" time="0.001"/>
  <testcase name="testAddObjectArrayBoolean" classname="org.apache.commons.lang3.ArrayUtilsAddTest" time="0.0"/>
  <testcase name="testAddObjectArrayDouble" classname="org.apache.commons.lang3.ArrayUtilsAddTest" time="0.002"/>
  <testcase name="testAddObjectArrayObject" classname="org.apache.commons.lang3.ArrayUtilsAddTest" time="0.001"/>
</testsuite>